2020-04-20 13:53:30,296 [      0]   INFO -        #com.intellij.idea.Main - ------------------------------------------------------ IDE STARTED ------------------------------------------------------ 
2020-04-20 13:53:30,307 [     11]   INFO -        #com.intellij.idea.Main - IDE: Guidewire Studio (build #Studio-8.0, 20 May 2014 00:00) 
2020-04-20 13:53:30,307 [     11]   INFO -        #com.intellij.idea.Main - OS: Windows 8.1 (6.3) 
2020-04-20 13:53:30,307 [     11]   INFO -        #com.intellij.idea.Main - JRE: 1.7.0_80-b15 (Oracle Corporation) 
2020-04-20 13:53:30,307 [     11]   INFO -        #com.intellij.idea.Main - JVM: 24.80-b11 (Oracle Corporation) 
2020-04-20 13:53:30,317 [     21]   INFO -        #com.intellij.idea.Main - JVM Args: -Xbootclasspath/a:../lib/boot.jar -XX:ReservedCodeCacheSize=64m -Dstudio.sdkroot=C:\PolicyCenter -Didea.plugins.compatible.build=IC-129.713 -Dfile.encoding=UTF-8 -Dide.tooltip.dismissDelay=60000 -ea -Didea.properties.file=C:/PolicyCenter/.idea/settings/idea.properties -Didea.platform.prefix=Studio -Xms2000m -Xmx4000m -XX:MaxPermSize=500m -Dant.file=C:\PolicyCenter\modules\ant\build.xml -Dant.project.invoked-targets=studio -Dant.file.type=file -Dant.file.Guidewire Ant environment initialization=C:\PolicyCenter\modules\ant\init.xml -Dant.file.Guidewire product configuration environment=C:\PolicyCenter\modules\ant\build.xml -Dant.project.default-target=help -Dant.file.type.Guidewire product configuration environment=file -Dant.file.type.Guidewire Ant environment initialization=file -Dant.project.name=Guidewire product configuration environment 
2020-04-20 13:53:30,412 [    116]   INFO -        #com.intellij.idea.Main - JNA library loaded (64-bit) in 95 ms 
2020-04-20 13:53:30,497 [    201]   INFO -        #com.intellij.idea.Main - Snappy library loaded (1.0.4) in 85 ms 
2020-04-20 13:53:30,497 [    201]   INFO - penapi.util.io.win32.IdeaWin32 - Native filesystem for Windows is operational 
2020-04-20 13:53:30,497 [    201]   INFO -        #com.intellij.idea.Main - Using "FocusKiller" library to prevent focus stealing. 
2020-04-20 13:53:32,327 [   2031]   INFO - llij.ide.plugins.PluginManager - 37 plugins initialized in 1595 ms 
2020-04-20 13:53:32,327 [   2031]   INFO - llij.ide.plugins.PluginManager - Loaded bundled plugins: Android Designer, Android Support (10.0), Ant Support (1.0), Byte Code Viewer (0.1), CVS Integration (11), Commander (1.0.0), Copyright (8.1), Eclipse Integration (3.0), GenerateToString (5.0), Git Integration (8.1), GitHub, Gradle, Groovy (9.0), I18n for Java, IDEA CORE, Inspection Gadgets (1.0), IntelliLang (8.0), Intention Power Pack (1.0), JUnit (1.0), JavaFX (1.0), Maven Integration, Plugin DevKit (1.0), Properties Support, Subversion Integration (1.1), Task Management (1.0), TestNG-J (8.0), UI Designer, UI Designer (Core), XPathView + XSLT Support (4), XSLT-Debugger (1.4), hg4idea (10.0) 
2020-04-20 13:53:32,327 [   2031]   INFO - llij.ide.plugins.PluginManager - Loaded custom plugins: GUnit (1.0-SNAPSHOT), Gosu (4.0-SNAPSHOT), Guidewire Internal API Inspector (1.0.0), Guidewire PC Studio (1.0), Guidewire Studio (1.0-SNAPSHOT), Guidewire Studio (Entity Codegen) (8.20.3) 
2020-04-20 13:53:38,381 [   8085]   INFO - ellij.vfs.persistent.FSRecords - Marking VFS as corrupted 
2020-04-20 13:53:38,381 [   8085]   INFO - ellij.util.io.PagedFileStorage - lower=100; upper=200; buffer=10; max=3707240448 
2020-04-20 13:53:38,482 [   8186]   INFO - api.vfs.impl.local.FileWatcher - Starting file watcher: C:\PolicyCenter\idea\bin\fsnotifier.exe 
2020-04-20 13:53:38,497 [   8201]   INFO - api.vfs.impl.local.FileWatcher - Native file watcher is operational. 
2020-04-20 13:53:38,630 [   8334]   INFO - s.impl.stores.FileBasedStorage - Document was not loaded for $APP_CONFIG$/project.default.xml file is null 
2020-04-20 13:53:38,751 [   8455]   INFO - s.impl.stores.FileBasedStorage - Document was not loaded for $APP_CONFIG$/filetypes.xml file is null 
2020-04-20 13:53:39,368 [   9072]   INFO - .history.utils.LocalHistoryLog - local history version mismatch (was: 0, expected: 5), rebuilding... 
2020-04-20 13:53:39,368 [   9072]   INFO - .history.utils.LocalHistoryLog - FS has been rebuild, rebuilding local history... 
2020-04-20 13:53:39,415 [   9119]   INFO - s.impl.stores.FileBasedStorage - Document was not loaded for $APP_CONFIG$/ui.lnf.xml file is null 
2020-04-20 13:53:39,431 [   9135]   INFO - s.impl.stores.FileBasedStorage - Document was not loaded for $APP_CONFIG$/options.xml file is null 
2020-04-20 13:53:39,469 [   9173]   INFO - s.impl.stores.FileBasedStorage - Document was not loaded for $APP_CONFIG$/notifications.xml file is null 
2020-04-20 13:53:39,469 [   9173]   INFO - s.impl.stores.FileBasedStorage - Document was not loaded for $APP_CONFIG$/usage.statistics.xml file is null 
2020-04-20 13:53:39,469 [   9173]   INFO - s.impl.stores.FileBasedStorage - Document was not loaded for $APP_CONFIG$/statistics.application.usages.xml file is null 
2020-04-20 13:53:39,585 [   9289]   INFO - s.impl.stores.FileBasedStorage - Document was not loaded for $APP_CONFIG$/keymap.xml file is null 
2020-04-20 13:53:40,520 [  10224]   INFO - s.impl.stores.FileBasedStorage - Document was not loaded for $APP_CONFIG$/window.manager.xml file is null 
2020-04-20 13:53:40,558 [  10262]   INFO - s.impl.stores.FileBasedStorage - Document was not loaded for $APP_CONFIG$/ide.general.xml file is null 
2020-04-20 13:53:49,791 [  19495]   INFO - s.impl.stores.FileBasedStorage - Document was not loaded for $APP_CONFIG$/stubIndex.xml file is null 
2020-04-20 13:53:49,807 [  19511]   INFO - s.impl.stores.FileBasedStorage - Document was not loaded for $APP_CONFIG$/editor.xml file is null 
2020-04-20 13:53:49,807 [  19511]   INFO - s.impl.stores.FileBasedStorage - Document was not loaded for $APP_CONFIG$/macros.xml file is null 
2020-04-20 13:53:49,823 [  19527]   INFO - s.impl.stores.FileBasedStorage - Document was not loaded for $APP_CONFIG$/quicklists.xml file is null 
2020-04-20 13:53:50,235 [  19939]   INFO - tellij.xml.Html5SchemaProvider - HTML5_SCHEMA_LOCATION = C:/PolicyCenter/idea/lib/idea.jar!/resources/html5-schema/html5.rnc 
2020-04-20 13:53:50,235 [  19939]   INFO - tellij.xml.Html5SchemaProvider - XHTML5_SCHEMA_LOCATION = C:/PolicyCenter/idea/lib/idea.jar!/resources/html5-schema/xhtml5.rnc 
2020-04-20 13:53:50,557 [  20261]   INFO - s.impl.stores.FileBasedStorage - Document was not loaded for $APP_CONFIG$/colors.scheme.xml file is null 
2020-04-20 13:53:50,572 [  20276]   INFO - s.impl.stores.FileBasedStorage - Document was not loaded for $APP_CONFIG$/editor.codeinsight.xml file is null 
2020-04-20 13:53:51,022 [  20726]   INFO -                  TestNG Runner - Create TestNG Template Configuration 
2020-04-20 13:53:51,220 [  20924]   INFO - ellij.project.impl.ProjectImpl - 25 project components initialized in 942 ms 
2020-04-20 13:53:51,220 [  20924]   INFO - le.impl.ModuleManagerComponent - 0 module(s) loaded in 0 ms 
2020-04-20 13:53:51,252 [  20956]   INFO - s.impl.stores.FileBasedStorage - Document was not loaded for $APP_CONFIG$/jdk.table.xml file is null 
2020-04-20 13:53:51,853 [  21557]   INFO - s.impl.stores.FileBasedStorage - Document was not loaded for $APP_CONFIG$/plainTextFiles.xml file is null 
2020-04-20 13:53:52,123 [  21827]   INFO - pl.stores.ApplicationStoreImpl - 80 application components initialized in 19479 ms 
2020-04-20 13:53:52,123 [  21827]   INFO - .intellij.idea.IdeaApplication - App initialization took 23576 ms 
2020-04-20 13:53:54,345 [  24049]   INFO - s.impl.stores.FileBasedStorage - Document was not loaded for $PROJECT_CONFIG_DIR$/encodings.xml file is null 
2020-04-20 13:53:54,445 [  24149]   INFO - s.impl.stores.FileBasedStorage - Document was not loaded for $PROJECT_CONFIG_DIR$/vcs.xml file is null 
2020-04-20 13:53:54,561 [  24265]   INFO -                  TestNG Runner - Create TestNG Template Configuration 
2020-04-20 13:53:54,784 [  24488]   INFO - CompilerWorkspaceConfiguration - Available processors: 8 
2020-04-20 13:53:54,963 [  24667]   INFO - s.impl.stores.FileBasedStorage - Document was not loaded for $PROJECT_CONFIG_DIR$/dynamic.xml file is null 
2020-04-20 13:53:55,076 [  24780]   INFO - s.impl.stores.FileBasedStorage - Document was not loaded for $APP_CONFIG$/vcs.xml file is null 
2020-04-20 13:53:55,239 [  24943]   INFO - s.impl.stores.FileBasedStorage - Document was not loaded for $PROJECT_CONFIG_DIR$/uiDesigner.xml file is null 
2020-04-20 13:53:55,258 [  24962]   INFO - ellij.project.impl.ProjectImpl - 148 project components initialized in 1762 ms 
2020-04-20 13:53:56,898 [  26602]   INFO - le.impl.ModuleManagerComponent - 1 module(s) loaded in 1639 ms 
2020-04-20 13:53:56,932 [  26636]   INFO - s.impl.stores.FileBasedStorage - Document was not loaded for $APP_CONFIG$/customization.xml file is null 
2020-04-20 13:53:57,693 [  27397]   INFO - s.impl.stores.FileBasedStorage - Document was not loaded for $APP_CONFIG$/encoding.xml file is null 
2020-04-20 13:54:47,665 [  77369]   INFO - .roots.impl.DirectoryIndexImpl - Directory index initialized in 49072 ms, indexed 9124 directories 
2020-04-20 13:54:47,796 [  77500]   INFO - pl.PushedFilePropertiesUpdater - File properties pushed in 116 ms 
2020-04-20 13:57:06,308 [ 216012]   INFO - s.impl.stores.FileBasedStorage - Document was not loaded for $APP_CONFIG$/debugger.renderers.xml file is null 
2020-04-20 13:57:06,826 [ 216530]   INFO -    #org.jetbrains.io.WebServer - We have tried to bind to 127.0.0.1 host but have got exception (Windows 8.1 6.3), so, try to check - are we really need to bind to 127.0.0.1 
2020-04-20 13:57:06,843 [ 216547]   INFO - s.impl.stores.FileBasedStorage - Document was not loaded for $PROJECT_CONFIG_DIR$/gant_config.xml file is null 
2020-04-20 13:57:06,980 [ 216684]   INFO -    #org.jetbrains.io.WebServer - port check: current OS must be marked as normal 
2020-04-20 13:57:07,052 [ 216756]   INFO - jetbrains.ide.WebServerManager - web server started, port 63342 
2020-04-20 13:57:07,059 [ 216763]   INFO - s.impl.stores.FileBasedStorage - Document was not loaded for $PROJECT_CONFIG_DIR$/gradle.xml file is null 
2020-04-20 13:57:10,296 [ 220000]   INFO - tor.impl.FileEditorManagerImpl - Project opening took 197016 ms 
2020-04-20 13:57:16,353 [ 226057]   INFO - indexing.UnindexedFilesUpdater - Indexable files iterated in 9847 ms 
2020-04-20 13:57:16,353 [ 226057]   INFO - indexing.UnindexedFilesUpdater - Unindexed files update started: 112098 files to update 
2020-04-20 13:57:24,014 [ 233718]   INFO - s.impl.stores.FileBasedStorage - Document was not loaded for $APP_CONFIG$/file.template.settings.xml file is null 
2020-04-20 13:58:28,217 [ 297921]   INFO - s.impl.stores.FileBasedStorage - Document was not loaded for $APP_CONFIG$/code.style.schemes.xml file is null 
2020-04-20 14:04:40,817 [ 670521]   INFO - s.impl.stores.FileBasedStorage - Document was not loaded for $APP_CONFIG$/IntelliLang.xml file is null 
2020-04-20 14:04:40,821 [ 670525]   INFO - s.impl.stores.FileBasedStorage - Document was not loaded for $PROJECT_CONFIG_DIR$/IntelliLang.xml file is null 
2020-04-20 14:06:02,834 [ 752538]   INFO - indexing.UnindexedFilesUpdater - Unindexed files update done in 526481 ms 
2020-04-20 14:06:04,681 [ 754385]   INFO - s.impl.stores.FileBasedStorage - Document was not loaded for $APP_CONFIG$/feature.usage.statistics.xml file is null 
2020-04-20 14:09:08,359 [ 938063]   INFO - ij.compiler.impl.CompileDriver - COMPILATION STARTED 
2020-04-20 14:09:09,476 [ 939180]   INFO - s.impl.stores.FileBasedStorage - Document was not loaded for $PROJECT_CONFIG_DIR$/ant.xml file is null 
2020-04-20 14:09:20,132 [ 949836]   INFO - lij.compiler.impl.CompilerUtil - Initial VFS refresh took 10656 ms: 0 min 10sec 
2020-04-20 14:11:17,109 [1066813]   INFO - duler$ExecutionTimeCheckedTask - 50 ms execution limit failed for:com.intellij.util.Alarm$Request@4134961enull,169 
2020-04-20 14:12:21,564 [1131268]   INFO - s.impl.stores.FileBasedStorage - Document was not loaded for $APP_CONFIG$/gosu_compiler_settings.xml file is null 
2020-04-20 14:12:24,230 [1133934]   INFO - ij.compiler.impl.CompileDriver - COMPILATION STARTED 
2020-04-20 14:12:36,388 [1146092]   INFO - lij.compiler.impl.CompilerUtil - Clearing output dirs took 10666 ms: 0 min 10sec 
2020-04-20 14:12:36,388 [1146092]   INFO - lij.compiler.impl.CompilerUtil - Refreshing output directories took 1476 ms: 0 min 1sec 
2020-04-20 14:13:25,178 [1194882]   INFO - s.impl.stores.FileBasedStorage - Document was not loaded for $APP_CONFIG$/studio_settings.xml file is null 
2020-04-20 14:27:56,814 [2066518]   INFO - duler$ExecutionTimeCheckedTask - 50 ms execution limit failed for:com.intellij.openapi.progress.impl.ProgressManagerImpl$1@692a51a4,485 
2020-04-20 14:37:25,536 [2635240]   INFO - duler$ExecutionTimeCheckedTask - 50 ms execution limit failed for:com.intellij.openapi.wm.impl.status.MemoryUsagePanel$2@cc80be3,13089 
2020-04-20 14:44:42,748 [3072452]   INFO - duler$ExecutionTimeCheckedTask - 50 ms execution limit failed for:com.intellij.util.Alarm$Request@466f4511com.intellij.openapi.wm.impl.status.InfoAndProgressPanel$7@331f8337,19513 
2020-04-20 14:44:48,895 [3078599]   INFO - duler$ExecutionTimeCheckedTask - 50 ms execution limit failed for:com.intellij.openapi.wm.impl.status.MemoryUsagePanel$2@cc80be3,69 
2020-04-20 14:45:02,320 [3092024]   INFO - duler$ExecutionTimeCheckedTask - 50 ms execution limit failed for:com.intellij.openapi.wm.impl.status.MemoryUsagePanel$2@cc80be3,54 
2020-04-20 14:46:29,348 [3179052]   INFO - duler$ExecutionTimeCheckedTask - 50 ms execution limit failed for:com.intellij.openapi.wm.impl.status.MemoryUsagePanel$2@cc80be3,7517 
2020-04-20 14:46:44,127 [3193831]   INFO - duler$ExecutionTimeCheckedTask - 50 ms execution limit failed for:com.intellij.openapi.wm.impl.status.MemoryUsagePanel$2@cc80be3,164 
2020-04-20 14:46:58,421 [3208125]   INFO - duler$ExecutionTimeCheckedTask - 50 ms execution limit failed for:com.intellij.openapi.wm.impl.status.MemoryUsagePanel$2@cc80be3,78 
2020-04-20 14:47:43,063 [3252767]   INFO - duler$ExecutionTimeCheckedTask - 50 ms execution limit failed for:com.intellij.openapi.wm.impl.status.MemoryUsagePanel$2@cc80be3,100 
2020-04-20 14:50:24,690 [3414394]   INFO - duler$ExecutionTimeCheckedTask - 50 ms execution limit failed for:com.intellij.openapi.wm.impl.status.MemoryUsagePanel$2@cc80be3,100 
2020-04-20 14:50:41,136 [3430840]   INFO - duler$ExecutionTimeCheckedTask - 50 ms execution limit failed for:com.intellij.util.Alarm$Request@6c15297acom.intellij.openapi.vcs.ZipperUpdater$1@61564005,303 
2020-04-20 15:02:11,075 [4120779]   INFO - s.impl.stores.FileBasedStorage - Document was not loaded for $PROJECT_CONFIG_DIR$/androidDexCompiler.xml file is null 
2020-04-20 15:02:13,756 [4123460]   INFO - .GenericCompilerPersistentData - Compiler info file doesn't exists: C:\PolicyCenter\.idea\settings\system\compiler\policycenter.e27b57ac\.caches\artifacts_compiler\info 
2020-04-20 15:02:13,804 [4123508]   INFO - ler.impl.GenericCompilerRunner - Clearing cache for Artifacts Packaging Compiler 
2020-04-20 15:02:18,857 [4128561]   INFO - lij.compiler.impl.CompilerUtil - 	COMPILATION FINISHED; Errors: 0; warnings: 1100 took 2994576 ms: 49 min 54sec 
2020-04-20 15:02:31,492 [4141196]   INFO - s.impl.stores.FileBasedStorage - Document was not loaded for $PROJECT_CONFIG_DIR$/codeStyleSettings.xml file is null 
2020-04-20 15:02:31,492 [4141196]   INFO - s.impl.stores.FileBasedStorage - Document was not loaded for $PROJECT_CONFIG_DIR$/projectCodeStyle.xml file is null 
2020-04-20 15:02:56,486 [4166190]   INFO - s.impl.stores.FileBasedStorage - Document was not loaded for $APP_CONFIG$/runner.layout.xml file is null 
2020-04-20 15:03:02,354 [4172058]   INFO - s.impl.stores.FileBasedStorage - Document was not loaded for $APP_CONFIG$/consoleFolding.xml file is null 
2020-04-20 15:26:44,431 [5594135]   INFO - duler$ExecutionTimeCheckedTask - 50 ms execution limit failed for:com.intellij.util.Alarm$Request@50d3adaccom.intellij.debugger.ui.impl.ThreadsPanel$3@792f20a8,171 
2020-04-20 15:26:58,119 [5607823]   INFO - duler$ExecutionTimeCheckedTask - 50 ms execution limit failed for:com.intellij.util.Alarm$Request@68db419bcom.intellij.debugger.ui.impl.ThreadsPanel$3@792f20a8,305 
2020-04-20 15:26:58,201 [5607905]   INFO - duler$ExecutionTimeCheckedTask - 50 ms execution limit failed for:com.intellij.util.Alarm$Request@6dc552d3com.intellij.openapi.vcs.ZipperUpdater$1@35c0d2f2,81 
2020-04-20 16:47:19,114 [10428818]   INFO - duler$ExecutionTimeCheckedTask - 50 ms execution limit failed for:com.intellij.util.Alarm$Request@e45bf4fcom.intellij.debugger.ui.impl.ThreadsPanel$3@792f20a8,1613 
2020-04-20 16:54:58,227 [10887931]   INFO - duler$ExecutionTimeCheckedTask - 50 ms execution limit failed for:com.intellij.openapi.wm.impl.status.MemoryUsagePanel$2@cc80be3,1236 
2020-04-20 16:57:33,268 [11042972]   INFO - s.impl.stores.FileBasedStorage - Document was not loaded for $PROJECT_CONFIG_DIR$/fileColors.xml file is null 
2020-04-20 16:58:13,364 [11083068]   INFO - s.impl.stores.FileBasedStorage - Document was not loaded for $APP_CONFIG$/cachedDictionary.xml file is null 
2020-04-20 16:58:25,988 [11095692]   INFO - s.impl.stores.FileBasedStorage - Document was not loaded for $APP_CONFIG$/intentionSettings.xml file is null 
2020-04-20 18:13:35,004 [15604708]   INFO - duler$ExecutionTimeCheckedTask - 50 ms execution limit failed for:com.intellij.openapi.wm.impl.status.MemoryUsagePanel$2@cc80be3,25234 
2020-04-20 18:19:55,131 [15984835]   INFO - duler$ExecutionTimeCheckedTask - 50 ms execution limit failed for:com.intellij.util.Alarm$Request@2ee1a644com.intellij.openapi.vcs.ZipperUpdater$1@606ad267,64 
2020-04-20 18:20:38,034 [16027738]   INFO - duler$ExecutionTimeCheckedTask - 50 ms execution limit failed for:com.intellij.util.Alarm$Request@f638bf8com.intellij.debugger.ui.impl.ThreadsPanel$3@792f20a8,136 
2020-04-20 18:21:13,570 [16063274]   INFO - duler$ExecutionTimeCheckedTask - 50 ms execution limit failed for:com.intellij.util.Alarm$Request@a8d11cecom.intellij.debugger.ui.impl.ThreadsPanel$3@792f20a8,139 
2020-04-20 18:32:37,639 [16747343]   INFO - duler$ExecutionTimeCheckedTask - 50 ms execution limit failed for:com.intellij.openapi.wm.impl.status.MemoryUsagePanel$2@cc80be3,21658 
2020-04-20 18:32:39,270 [16748974]   INFO - duler$ExecutionTimeCheckedTask - 50 ms execution limit failed for:com.intellij.util.Alarm$Request@3cec0f53com.intellij.openapi.wm.impl.status.InfoAndProgressPanel$3$1@2de23164,719 
2020-04-20 18:39:58,743 [17188447]   INFO - duler$ExecutionTimeCheckedTask - 50 ms execution limit failed for:com.intellij.openapi.wm.impl.status.MemoryUsagePanel$2@cc80be3,659 
2020-04-20 18:40:15,721 [17205425]   INFO - duler$ExecutionTimeCheckedTask - 50 ms execution limit failed for:com.intellij.openapi.wm.impl.status.MemoryUsagePanel$2@cc80be3,55 
2020-04-20 18:42:51,864 [17361568]   INFO - duler$ExecutionTimeCheckedTask - 50 ms execution limit failed for:com.intellij.openapi.wm.impl.status.MemoryUsagePanel$2@cc80be3,16026 
2020-04-20 18:47:12,359 [17622063]   INFO - duler$ExecutionTimeCheckedTask - 50 ms execution limit failed for:com.intellij.util.Alarm$Request@26bf4183com.intellij.openapi.vcs.ZipperUpdater$1@56661354,298 
2020-04-20 18:47:57,012 [17666716]   WARN - cution.filters.CompositeFilter - ExceptionFilter.applyFilter() took 15993 ms on '''	at com.guidewire.pl.system.database.connection.DBCPConnectionPool.translateConnectException(DBCPConnectionPool.java:188)
''' 
2020-04-20 18:47:57,421 [17667125]   INFO - duler$ExecutionTimeCheckedTask - 50 ms execution limit failed for:com.intellij.openapi.wm.impl.status.MemoryUsagePanel$2@cc80be3,100 
2020-04-20 18:48:02,484 [17672188]   WARN - cution.filters.CompositeFilter - ExceptionFilter.applyFilter() took 5036 ms on '''	at com.guidewire.pl.system.transaction.ConnectionHandler.checkAndGetConnection(ConnectionHandler.java:128)
''' 
2020-04-20 18:48:05,573 [17675277]   WARN - cution.filters.CompositeFilter - ExceptionFilter.applyFilter() took 2148 ms on '''	at com.guidewire.pl.domain.workqueue.impl.WorkQueueWorkerControlImpl.getOrCreateInstance(WorkQueueWorkerControlImpl.java:31)
''' 
2020-04-20 18:48:10,599 [17680303]   WARN - cution.filters.CompositeFilter - ExceptionFilter.applyFilter() took 4801 ms on '''	at java.util.concurrent.ThreadPoolExecutor.runWorker(ThreadPoolExecutor.java:1145)
''' 
2020-04-20 18:48:13,245 [17682949]   WARN - cution.filters.CompositeFilter - ExceptionFilter.applyFilter() took 1160 ms on '''	at sun.security.ssl.SSLSocketImpl.readRecord(SSLSocketImpl.java:934)
''' 
2020-04-20 18:55:45,274 [18134978]   INFO -    #org.jetbrains.io.WebServer - web server stopped 
2020-04-20 18:55:49,652 [18139356]   INFO - ins.android.sdk.AndroidSdkData - DDMLib terminated 
2020-04-20 18:55:50,679 [18140383]   INFO - il.indexing.FileBasedIndexImpl - START INDEX SHUTDOWN 
2020-04-20 18:56:00,792 [18150496]   INFO - il.indexing.FileBasedIndexImpl - END INDEX SHUTDOWN 
2020-04-20 18:56:00,792 [18150496]   INFO - stubs.SerializationManagerImpl - START StubSerializationManager SHUTDOWN 
2020-04-20 18:56:01,088 [18150792]   INFO - stubs.SerializationManagerImpl - END StubSerializationManager SHUTDOWN 
2020-04-20 18:56:01,284 [18150988]   INFO - .history.utils.LocalHistoryLog - Purging local history... 
2020-04-20 18:56:01,328 [18151032]   INFO - .history.utils.LocalHistoryLog - Local history storage successfully closed. 
2020-04-20 18:56:01,610 [18151314]   INFO - newvfs.persistent.PersistentFS - VFS dispose started 
2020-04-20 18:56:01,913 [18151617]   INFO - newvfs.persistent.PersistentFS - VFS dispose completed 
2020-04-20 18:56:02,583 [18152287]   WARN - api.vfs.impl.local.FileWatcher - Watcher terminated. 
2020-04-20 18:56:04,437 [18154141]   INFO -        #com.intellij.idea.Main - ------------------------------------------------------ IDE SHUTDOWN ------------------------------------------------------ 
2020-04-20 22:23:17,213 [      0]   INFO -        #com.intellij.idea.Main - ------------------------------------------------------ IDE STARTED ------------------------------------------------------ 
2020-04-20 22:23:17,229 [     16]   INFO -        #com.intellij.idea.Main - IDE: Guidewire Studio (build #Studio-8.0, 20 May 2014 00:00) 
2020-04-20 22:23:17,245 [     32]   INFO -        #com.intellij.idea.Main - OS: Windows 8.1 (6.3) 
2020-04-20 22:23:17,245 [     32]   INFO -        #com.intellij.idea.Main - JRE: 1.7.0_80-b15 (Oracle Corporation) 
2020-04-20 22:23:17,245 [     32]   INFO -        #com.intellij.idea.Main - JVM: 24.80-b11 (Oracle Corporation) 
2020-04-20 22:23:17,245 [     32]   INFO -        #com.intellij.idea.Main - JVM Args: -Xbootclasspath/a:../lib/boot.jar -XX:ReservedCodeCacheSize=64m -Dstudio.sdkroot=C:\Project\Search_Portal\PolicyCenter\PolicyCenter-8 -Didea.plugins.compatible.build=IC-129.713 -Dfile.encoding=UTF-8 -Dide.tooltip.dismissDelay=60000 -ea -Didea.properties.file=C:/Project/Search_Portal/PolicyCenter/PolicyCenter-8/.idea/settings/idea.properties -Didea.platform.prefix=Studio -Xms2000m -Xmx4000m -XX:MaxPermSize=500m -Dant.file=C:\Project\Search_Portal\PolicyCenter\PolicyCenter-8\modules\ant\build.xml -Dant.project.invoked-targets=studio -Dant.file.type=file -Dant.file.Guidewire Ant environment initialization=C:\Project\Search_Portal\PolicyCenter\PolicyCenter-8\modules\ant\init.xml -Dant.file.Guidewire product configuration environment=C:\Project\Search_Portal\PolicyCenter\PolicyCenter-8\modules\ant\build.xml -Dant.project.default-target=help -Dant.file.type.Guidewire product configuration environment=file -Dant.file.type.Guidewire Ant environment initialization=file -Dant.project.name=Guidewire product configuration environment 
2020-04-20 22:23:17,380 [    167]   INFO -        #com.intellij.idea.Main - JNA library loaded (64-bit) in 131 ms 
2020-04-20 22:23:17,641 [    428]   INFO -        #com.intellij.idea.Main - Snappy library loaded (1.0.4) in 261 ms 
2020-04-20 22:23:17,666 [    453]   INFO - penapi.util.io.win32.IdeaWin32 - Native filesystem for Windows is operational 
2020-04-20 22:23:17,766 [    553]   INFO -        #com.intellij.idea.Main - Using "FocusKiller" library to prevent focus stealing. 
2020-04-20 22:23:23,984 [   6771]   INFO - llij.ide.plugins.PluginManager - 37 plugins initialized in 5330 ms 
2020-04-20 22:23:23,984 [   6771]   INFO - llij.ide.plugins.PluginManager - Loaded bundled plugins: Android Designer, Android Support (10.0), Ant Support (1.0), Byte Code Viewer (0.1), CVS Integration (11), Commander (1.0.0), Copyright (8.1), Eclipse Integration (3.0), GenerateToString (5.0), Git Integration (8.1), GitHub, Gradle, Groovy (9.0), I18n for Java, IDEA CORE, Inspection Gadgets (1.0), IntelliLang (8.0), Intention Power Pack (1.0), JUnit (1.0), JavaFX (1.0), Maven Integration, Plugin DevKit (1.0), Properties Support, Subversion Integration (1.1), Task Management (1.0), TestNG-J (8.0), UI Designer, UI Designer (Core), XPathView + XSLT Support (4), XSLT-Debugger (1.4), hg4idea (10.0) 
2020-04-20 22:23:23,984 [   6771]   INFO - llij.ide.plugins.PluginManager - Loaded custom plugins: GUnit (1.0-SNAPSHOT), Gosu (4.0-SNAPSHOT), Guidewire Internal API Inspector (1.0.0), Guidewire PC Studio (1.0), Guidewire Studio (1.0-SNAPSHOT), Guidewire Studio (Entity Codegen) (8.20.3) 
2020-04-20 22:23:49,730 [  32517]   INFO - ellij.util.io.PagedFileStorage - lower=100; upper=200; buffer=10; max=3707240448 
2020-04-20 22:23:49,946 [  32733]   INFO - api.vfs.impl.local.FileWatcher - Starting file watcher: C:\Project\Search_Portal\PolicyCenter\PolicyCenter-8\idea\bin\fsnotifier.exe 
2020-04-20 22:23:50,031 [  32818]   INFO - api.vfs.impl.local.FileWatcher - Native file watcher is operational. 
2020-04-20 22:23:52,209 [  34996]   INFO - s.impl.stores.FileBasedStorage - Document was not loaded for $APP_CONFIG$/ui.lnf.xml file is null 
2020-04-20 22:23:57,891 [  40678]   INFO - s.impl.stores.FileBasedStorage - Document was not loaded for $APP_CONFIG$/macros.xml file is null 
2020-04-20 22:23:57,907 [  40694]   INFO - s.impl.stores.FileBasedStorage - Document was not loaded for $APP_CONFIG$/quicklists.xml file is null 
2020-04-20 22:24:00,794 [  43581]   INFO - pl.stores.ApplicationStoreImpl - 80 application components initialized in 33583 ms 
2020-04-20 22:24:00,798 [  43585]   INFO - .intellij.idea.IdeaApplication - App initialization took 53471 ms 
2020-04-20 22:24:00,903 [  43690]   INFO - s.impl.stores.FileBasedStorage - Document was not loaded for $APP_CONFIG$/customization.xml file is null 
2020-04-20 22:24:13,643 [  56430]   INFO -                  TestNG Runner - Create TestNG Template Configuration 
2020-04-20 22:24:14,381 [  57168]   INFO - CompilerWorkspaceConfiguration - Available processors: 8 
2020-04-20 22:24:14,544 [  57331]   INFO - s.impl.stores.FileBasedStorage - Document was not loaded for $APP_CONFIG$/plainTextFiles.xml file is null 
2020-04-20 22:24:14,714 [  57501]   INFO - s.impl.stores.FileBasedStorage - Document was not loaded for $PROJECT_CONFIG_DIR$/dynamic.xml file is null 
2020-04-20 22:24:15,220 [  58007]   INFO - s.impl.stores.FileBasedStorage - Document was not loaded for $APP_CONFIG$/vcs.xml file is null 
2020-04-20 22:24:15,535 [  58322]   INFO - ellij.project.impl.ProjectImpl - 148 project components initialized in 10840 ms 
2020-04-20 22:24:15,998 [  58785]   INFO - le.impl.ModuleManagerComponent - 1 module(s) loaded in 463 ms 
2020-04-20 22:24:27,966 [  70753]   INFO - .roots.impl.DirectoryIndexImpl - Directory index initialized in 10764 ms, indexed 9126 directories 
2020-04-20 22:24:28,074 [  70861]   INFO - pl.PushedFilePropertiesUpdater - File properties pushed in 101 ms 
2020-04-20 22:26:54,420 [ 217207]   INFO - s.impl.stores.FileBasedStorage - Document was not loaded for $PROJECT_CONFIG_DIR$/codeStyleSettings.xml file is null 
2020-04-20 22:26:54,424 [ 217211]   INFO - s.impl.stores.FileBasedStorage - Document was not loaded for $PROJECT_CONFIG_DIR$/projectCodeStyle.xml file is null 
2020-04-20 22:26:54,868 [ 217655]   INFO - s.impl.stores.FileBasedStorage - Document was not loaded for $PROJECT_CONFIG_DIR$/fileColors.xml file is null 
2020-04-20 22:26:55,166 [ 217953]   INFO - s.impl.stores.FileBasedStorage - Document was not loaded for $PROJECT_CONFIG_DIR$/gant_config.xml file is null 
2020-04-20 22:26:55,210 [ 217997]   INFO - s.impl.stores.FileBasedStorage - Document was not loaded for $PROJECT_CONFIG_DIR$/gradle.xml file is null 
2020-04-20 22:26:55,355 [ 218142]   INFO -    #org.jetbrains.io.WebServer - We have tried to bind to 127.0.0.1 host but have got exception (Windows 8.1 6.3), so, try to check - are we really need to bind to 127.0.0.1 
2020-04-20 22:26:56,045 [ 218832]   INFO -    #org.jetbrains.io.WebServer - port check: current OS must be marked as normal 
2020-04-20 22:26:56,045 [ 218832]   INFO - jetbrains.ide.WebServerManager - web server started, port 63342 
2020-04-20 22:26:56,205 [ 218992]   INFO - s.impl.stores.FileBasedStorage - Document was not loaded for $PROJECT_CONFIG_DIR$/IntelliLang.xml file is null 
2020-04-20 22:27:02,587 [ 225374]   INFO - indexing.UnindexedFilesUpdater - Indexable files iterated in 9699 ms 
2020-04-20 22:27:02,587 [ 225374]   INFO - indexing.UnindexedFilesUpdater - Unindexed files update started: 77918 files to update 
2020-04-20 22:27:04,118 [ 226905]   INFO - tor.impl.FileEditorManagerImpl - Project opening took 179512 ms 
2020-04-20 22:27:13,253 [ 236040]   INFO - s.impl.stores.FileBasedStorage - Document was not loaded for $APP_CONFIG$/studio_metadata_editor_settings.xml file is null 
2020-04-20 22:27:13,852 [ 236639]   INFO - s.impl.stores.FileBasedStorage - Document was not loaded for $APP_CONFIG$/github_settings.xml file is null 
2020-04-20 22:32:19,537 [ 542324]   INFO - indexing.UnindexedFilesUpdater - Unindexed files update done in 316950 ms 
2020-04-20 22:32:20,175 [ 542962]   INFO -                  TestNG Runner - Create TestNG Template Configuration 
2020-04-20 22:32:20,190 [ 542977]   INFO -                  TestNG Runner - Create TestNG Template Configuration 
2020-04-20 22:32:20,190 [ 542977]   INFO - ellij.project.impl.ProjectImpl - 25 project components initialized in 386 ms 
2020-04-20 22:32:20,197 [ 542984]   INFO - le.impl.ModuleManagerComponent - 0 module(s) loaded in 0 ms 
2020-04-20 22:32:44,417 [ 567204]   INFO - ij.compiler.impl.CompileDriver - COMPILATION STARTED 
2020-04-20 22:32:44,587 [ 567374]   INFO - s.impl.stores.FileBasedStorage - Document was not loaded for $PROJECT_CONFIG_DIR$/ant.xml file is null 
2020-04-20 22:32:51,020 [ 573807]   INFO - lij.compiler.impl.CompilerUtil - Initial VFS refresh took 6431 ms: 0 min 6sec 
2020-04-20 22:34:56,604 [ 699391]   INFO - duler$ExecutionTimeCheckedTask - 50 ms execution limit failed for:com.intellij.util.Alarm$Request@6b8d8c82com.intellij.openapi.wm.impl.status.InfoAndProgressPanel$7@1a03e1f8,72 
2020-04-20 22:35:57,760 [ 760547]   INFO - ij.compiler.impl.CompileDriver - COMPILATION STARTED 
2020-04-20 22:36:03,164 [ 765951]   INFO - lij.compiler.impl.CompilerUtil - Clearing output dirs took 4401 ms: 0 min 4sec 
2020-04-20 22:36:03,165 [ 765952]   INFO - lij.compiler.impl.CompilerUtil - Refreshing output directories took 990 ms: 0 min 0sec 
2020-04-20 22:40:16,475 [1019262]   INFO - a.repo.GitUntrackedFilesHolder - GitUntrackedFilesHolder: Index has changed, marking file://C:/Project/Search_Portal/PolicyCenter/PolicyCenter-8 recursively dirty 
2020-04-20 22:44:01,290 [1244077]   INFO -   git4idea.commands.GitHandler - git status took 223706 ms. Command parameters: 
"C:\Program Files\Git\cmd\git.exe" status --porcelain -z --untracked-files=no -- 
2020-04-20 22:44:29,560 [1272347]   INFO -   git4idea.commands.GitHandler - git ls-files took 27348 ms. Command parameters: 
"C:\Program Files\Git\cmd\git.exe" ls-files --exclude-standard --others -z -- 
2020-04-20 22:52:40,087 [1762874]   INFO - duler$ExecutionTimeCheckedTask - 50 ms execution limit failed for:com.intellij.util.Alarm$Request@7569d02null,571 
2020-04-20 22:58:18,379 [2101166]   INFO - s.impl.stores.FileBasedStorage - Document was not loaded for $PROJECT_CONFIG_DIR$/androidDexCompiler.xml file is null 
2020-04-20 22:58:19,772 [2102559]   INFO - .GenericCompilerPersistentData - Compiler info file doesn't exists: C:\Project\Search_Portal\PolicyCenter\PolicyCenter-8\.idea\settings\system\compiler\policycenter-8.5bfea586\.caches\artifacts_compiler\info 
2020-04-20 22:58:19,798 [2102585]   INFO - ler.impl.GenericCompilerRunner - Clearing cache for Artifacts Packaging Compiler 
2020-04-20 22:58:23,303 [2106090]   INFO - lij.compiler.impl.CompilerUtil - 	COMPILATION FINISHED; Errors: 0; warnings: 1100 took 1345491 ms: 22 min 25sec 
2020-04-20 22:58:52,927 [2135714]   INFO - duler$ExecutionTimeCheckedTask - 50 ms execution limit failed for:com.intellij.util.Alarm$Request@12d8782fcom.intellij.diagnostic.logging.LogFilesManager$1@41ba5f53,55 
2020-04-20 22:58:53,595 [2136382]   INFO - s.impl.stores.FileBasedStorage - Document was not loaded for $APP_CONFIG$/consoleFolding.xml file is null 
2020-04-20 23:41:27,643 [      0]   INFO -        #com.intellij.idea.Main - ------------------------------------------------------ IDE STARTED ------------------------------------------------------ 
2020-04-20 23:41:27,681 [     38]   INFO -        #com.intellij.idea.Main - IDE: Guidewire Studio (build #Studio-8.0, 20 May 2014 00:00) 
2020-04-20 23:41:27,681 [     38]   INFO -        #com.intellij.idea.Main - OS: Windows 8.1 (6.3) 
2020-04-20 23:41:27,681 [     38]   INFO -        #com.intellij.idea.Main - JRE: 1.7.0_80-b15 (Oracle Corporation) 
2020-04-20 23:41:27,681 [     38]   INFO -        #com.intellij.idea.Main - JVM: 24.80-b11 (Oracle Corporation) 
2020-04-20 23:41:27,697 [     54]   INFO -        #com.intellij.idea.Main - JVM Args: -Xbootclasspath/a:../lib/boot.jar -XX:ReservedCodeCacheSize=64m -Dstudio.sdkroot=C:\Project\Search_Portal\PolicyCenter\PolicyCenter-8 -Didea.plugins.compatible.build=IC-129.713 -Dfile.encoding=UTF-8 -Dide.tooltip.dismissDelay=60000 -ea -Didea.properties.file=C:/Project/Search_Portal/PolicyCenter/PolicyCenter-8/.idea/settings/idea.properties -Didea.platform.prefix=Studio -Xms2000m -Xmx4000m -XX:MaxPermSize=500m -Dant.file=C:\Project\Search_Portal\PolicyCenter\PolicyCenter-8\modules\ant\build.xml -Dant.project.invoked-targets=studio -Dant.file.type=file -Dant.file.Guidewire Ant environment initialization=C:\Project\Search_Portal\PolicyCenter\PolicyCenter-8\modules\ant\init.xml -Dant.file.Guidewire product configuration environment=C:\Project\Search_Portal\PolicyCenter\PolicyCenter-8\modules\ant\build.xml -Dant.project.default-target=help -Dant.file.type.Guidewire product configuration environment=file -Dant.file.type.Guidewire Ant environment initialization=file -Dant.project.name=Guidewire product configuration environment 
2020-04-20 23:41:28,100 [    457]   INFO -        #com.intellij.idea.Main - JNA library loaded (64-bit) in 403 ms 
2020-04-20 23:41:28,891 [   1248]   INFO -        #com.intellij.idea.Main - Snappy library loaded (1.0.4) in 791 ms 
2020-04-20 23:41:28,954 [   1311]   INFO - penapi.util.io.win32.IdeaWin32 - Native filesystem for Windows is operational 
2020-04-20 23:41:29,073 [   1430]   INFO -        #com.intellij.idea.Main - Using "FocusKiller" library to prevent focus stealing. 
2020-04-20 23:41:41,308 [  13665]   INFO - llij.ide.plugins.PluginManager - 37 plugins initialized in 8947 ms 
2020-04-20 23:41:41,308 [  13665]   INFO - llij.ide.plugins.PluginManager - Loaded bundled plugins: Android Designer, Android Support (10.0), Ant Support (1.0), Byte Code Viewer (0.1), CVS Integration (11), Commander (1.0.0), Copyright (8.1), Eclipse Integration (3.0), GenerateToString (5.0), Git Integration (8.1), GitHub, Gradle, Groovy (9.0), I18n for Java, IDEA CORE, Inspection Gadgets (1.0), IntelliLang (8.0), Intention Power Pack (1.0), JUnit (1.0), JavaFX (1.0), Maven Integration, Plugin DevKit (1.0), Properties Support, Subversion Integration (1.1), Task Management (1.0), TestNG-J (8.0), UI Designer, UI Designer (Core), XPathView + XSLT Support (4), XSLT-Debugger (1.4), hg4idea (10.0) 
2020-04-20 23:41:41,308 [  13665]   INFO - llij.ide.plugins.PluginManager - Loaded custom plugins: GUnit (1.0-SNAPSHOT), Gosu (4.0-SNAPSHOT), Guidewire Internal API Inspector (1.0.0), Guidewire PC Studio (1.0), Guidewire Studio (1.0-SNAPSHOT), Guidewire Studio (Entity Codegen) (8.20.3) 
2020-04-20 23:42:20,970 [  53327]   INFO - ellij.util.io.PagedFileStorage - lower=100; upper=200; buffer=10; max=3707240448 
2020-04-20 23:42:22,878 [  55235]   INFO - api.vfs.impl.local.FileWatcher - Starting file watcher: C:\Project\Search_Portal\PolicyCenter\PolicyCenter-8\idea\bin\fsnotifier.exe 
2020-04-20 23:42:23,032 [  55389]   INFO - api.vfs.impl.local.FileWatcher - Native file watcher is operational. 
2020-04-20 23:42:30,193 [  62550]   INFO - s.impl.stores.FileBasedStorage - Document was not loaded for $APP_CONFIG$/ui.lnf.xml file is null 
2020-04-20 23:43:03,257 [  95614]   INFO - s.impl.stores.FileBasedStorage - Document was not loaded for $APP_CONFIG$/macros.xml file is null 
2020-04-20 23:43:03,257 [  95614]   INFO - s.impl.stores.FileBasedStorage - Document was not loaded for $APP_CONFIG$/quicklists.xml file is null 
2020-04-20 23:43:09,859 [ 102216]   INFO - pl.stores.ApplicationStoreImpl - 80 application components initialized in 84448 ms 
2020-04-20 23:43:09,859 [ 102216]   INFO - .intellij.idea.IdeaApplication - App initialization took 117580 ms 
2020-04-20 23:43:10,146 [ 102503]   INFO - s.impl.stores.FileBasedStorage - Document was not loaded for $APP_CONFIG$/customization.xml file is null 
2020-04-20 23:43:36,487 [ 128844]   INFO -                  TestNG Runner - Create TestNG Template Configuration 
2020-04-20 23:43:38,079 [ 130436]   INFO - CompilerWorkspaceConfiguration - Available processors: 8 
2020-04-20 23:43:38,581 [ 130938]   INFO - s.impl.stores.FileBasedStorage - Document was not loaded for $APP_CONFIG$/plainTextFiles.xml file is null 
2020-04-20 23:43:39,013 [ 131370]   INFO - s.impl.stores.FileBasedStorage - Document was not loaded for $PROJECT_CONFIG_DIR$/dynamic.xml file is null 
2020-04-20 23:43:40,566 [ 132923]   INFO - ellij.project.impl.ProjectImpl - 148 project components initialized in 14726 ms 
2020-04-20 23:43:41,120 [ 133477]   INFO - le.impl.ModuleManagerComponent - 1 module(s) loaded in 553 ms 
2020-04-20 23:43:45,640 [ 137997]   INFO - .roots.impl.DirectoryIndexImpl - Directory index initialized in 1154 ms, indexed 9126 directories 
2020-04-20 23:43:45,674 [ 138031]   INFO - pl.PushedFilePropertiesUpdater - File properties pushed in 29 ms 
2020-04-20 23:45:02,781 [ 215138]   INFO - s.impl.stores.FileBasedStorage - Document was not loaded for $PROJECT_CONFIG_DIR$/gant_config.xml file is null 
2020-04-20 23:45:03,741 [ 216098]   INFO - s.impl.stores.FileBasedStorage - Document was not loaded for $PROJECT_CONFIG_DIR$/gradle.xml file is null 
2020-04-20 23:45:04,281 [ 216638]   INFO -    #org.jetbrains.io.WebServer - We have tried to bind to 127.0.0.1 host but have got exception (Windows 8.1 6.3), so, try to check - are we really need to bind to 127.0.0.1 
2020-04-20 23:45:06,071 [ 218428]   INFO - indexing.UnindexedFilesUpdater - Indexable files iterated in 5449 ms 
2020-04-20 23:45:06,071 [ 218428]   INFO - indexing.UnindexedFilesUpdater - Unindexed files update started: 0 files to update 
2020-04-20 23:45:06,225 [ 218582]   INFO - indexing.UnindexedFilesUpdater - Unindexed files update done in 154 ms 
2020-04-20 23:45:06,299 [ 218656]   INFO -    #org.jetbrains.io.WebServer - port check: current OS must be marked as normal 
2020-04-20 23:45:06,309 [ 218666]   INFO - jetbrains.ide.WebServerManager - web server started, port 63342 
2020-04-20 23:45:08,493 [ 220850]   INFO -                  TestNG Runner - Create TestNG Template Configuration 
2020-04-20 23:45:08,495 [ 220852]   INFO -                  TestNG Runner - Create TestNG Template Configuration 
2020-04-20 23:45:08,503 [ 220860]   INFO - ellij.project.impl.ProjectImpl - 25 project components initialized in 153 ms 
2020-04-20 23:45:08,503 [ 220860]   INFO - le.impl.ModuleManagerComponent - 0 module(s) loaded in 0 ms 
2020-04-20 23:45:20,512 [ 232869]   INFO - s.impl.stores.FileBasedStorage - Document was not loaded for $PROJECT_CONFIG_DIR$/IntelliLang.xml file is null 
2020-04-20 23:45:59,263 [ 271620]   INFO - a.repo.GitUntrackedFilesHolder - GitUntrackedFilesHolder: Index has changed, marking file://C:/Project/Search_Portal/PolicyCenter/PolicyCenter-8 recursively dirty 
2020-04-20 23:46:01,704 [ 274061]   INFO - tor.impl.FileEditorManagerImpl - Project opening took 155955 ms 
2020-04-20 23:46:12,892 [ 285249]   INFO - ij.compiler.impl.CompileDriver - COMPILATION STARTED 
2020-04-20 23:46:13,022 [ 285379]   INFO - s.impl.stores.FileBasedStorage - Document was not loaded for $PROJECT_CONFIG_DIR$/ant.xml file is null 
2020-04-20 23:47:58,709 [ 391066]   INFO - lij.compiler.impl.CompilerUtil - Initial VFS refresh took 105656 ms: 1 min 45sec 
2020-04-20 23:48:00,022 [ 392379]   INFO -   git4idea.commands.GitHandler - git status took 159457 ms. Command parameters: 
"C:\Program Files\Git\cmd\git.exe" status --porcelain -z --untracked-files=no -- 
2020-04-20 23:48:01,123 [ 393480]   INFO - s.impl.stores.FileBasedStorage - Document was not loaded for $PROJECT_CONFIG_DIR$/androidDexCompiler.xml file is null 
2020-04-20 23:48:01,734 [ 394091]   INFO - lij.compiler.impl.CompilerUtil - 	COMPILATION FINISHED; Errors: 0; warnings: 0 took 108864 ms: 1 min 48sec 
2020-04-20 23:48:03,960 [ 396317]   INFO - s.impl.stores.FileBasedStorage - Document was not loaded for $PROJECT_CONFIG_DIR$/codeStyleSettings.xml file is null 
2020-04-20 23:48:03,960 [ 396317]   INFO - s.impl.stores.FileBasedStorage - Document was not loaded for $PROJECT_CONFIG_DIR$/projectCodeStyle.xml file is null 
2020-04-20 23:48:07,942 [ 400299]   INFO - s.impl.stores.FileBasedStorage - Document was not loaded for $APP_CONFIG$/consoleFolding.xml file is null 
2020-04-20 23:49:59,048 [ 511405]   INFO - a.repo.GitUntrackedFilesHolder - GitUntrackedFilesHolder: Index has changed, marking file://C:/Project/Search_Portal/PolicyCenter/PolicyCenter-8 recursively dirty 
2020-04-20 23:50:28,082 [ 540439]   INFO -   git4idea.commands.GitHandler - git status took 27388 ms. Command parameters: 
"C:\Program Files\Git\cmd\git.exe" status --porcelain -z --untracked-files=no -- 
